This is pdfTeX, Version 3.14159265-2.6-1.40.21 (TeX Live 2020/W32TeX) (preloaded format=pdflatex 2020.9.12)  17 OCT 2020 17:27
entering extended mode
 restricted \write18 enabled.
 file:line:error style messages enabled.
 %&-line parsing enabled.
**c:/Users/DELL/Desktop/robot/vslam/PA2/presentation.tex
(c:/Users/DELL/Desktop/robot/vslam/PA2/presentation.tex
LaTeX2e <2020-02-02> patch level 5
L3 programming layer <2020-03-06> (c:/Users/DELL/Desktop/software/texlive/2020/texmf-dist/tex/latex/base/article.cls
Document Class: article 2019/12/20 v1.4l Standard LaTeX document class
(c:/Users/DELL/Desktop/software/texlive/2020/texmf-dist/tex/latex/base/size10.clo
File: size10.clo 2019/12/20 v1.4l Standard LaTeX file (size option)
)
\c@part=\count167
\c@section=\count168
\c@subsection=\count169
\c@subsubsection=\count170
\c@paragraph=\count171
\c@subparagraph=\count172
\c@figure=\count173
\c@table=\count174
\abovecaptionskip=\skip47
\belowcaptionskip=\skip48
\bibindent=\dimen134
) (c:/Users/DELL/Desktop/software/texlive/2020/texmf-dist/tex/latex/base/inputenc.sty
Package: inputenc 2018/08/11 v1.3c Input encoding file
\inpenc@prehook=\toks15
\inpenc@posthook=\toks16
) (c:/Users/DELL/Desktop/software/texlive/2020/texmf-dist/tex/xelatex/xecjk/xeCJK.sty (c:/Users/DELL/Desktop/software/texlive/2020/texmf-dist/tex/latex/l3kernel/expl3.sty
Package: expl3 2020-03-06 L3 programming layer (loader) 
 (c:/Users/DELL/Desktop/software/texlive/2020/texmf-dist/tex/latex/l3backend/l3backend-pdfmode.def
File: l3backend-pdfmode.def 2020-03-12 L3 backend support: PDF mode
\l__kernel_color_stack_int=\count175
\l__pdf_internal_box=\box45
))
Package: xeCJK 2020/02/18 v3.8.2 Typesetting CJK scripts with XeLaTeX


c:/Users/DELL/Desktop/software/texlive/2020/texmf-dist/tex/xelatex/xecjk/xeCJK.sty:43: Critical Package xeCJK Error: The xeCJK package requires XeTeX to function.
(xeCJK)                         
(xeCJK)                         You must change your typesetting engine to
(xeCJK)                         "xelatex"
(xeCJK)                         instead of plain "latex" or "pdflatex" or
(xeCJK)                         "lualatex".
(xeCJK)                         Loading xeCJK will abort!

Type <return> to continue.
 ...                                              
                                                  
l.43 ..._critical:nn { xeCJK } { Require-XeTeX } }
                                                  

LaTeX does not know anything more about this error, sorry.

Try typing <return> to proceed.
If that doesn't work, type X <return> to quit.

Reading the current file 'xeCJK' will stop.


) (c:/Users/DELL/Desktop/software/texlive/2020/texmf-dist/tex/latex/amsmath/amsmath.sty
Package: amsmath 2020/01/20 v2.17e AMS math features
\@mathmargin=\skip49

For additional information on amsmath, use the `?' option.
(c:/Users/DELL/Desktop/software/texlive/2020/texmf-dist/tex/latex/amsmath/amstext.sty
Package: amstext 2000/06/29 v2.01 AMS text
 (c:/Users/DELL/Desktop/software/texlive/2020/texmf-dist/tex/latex/amsmath/amsgen.sty
File: amsgen.sty 1999/11/30 v2.0 generic functions
\@emptytoks=\toks17
\ex@=\dimen135
)) (c:/Users/DELL/Desktop/software/texlive/2020/texmf-dist/tex/latex/amsmath/amsbsy.sty
Package: amsbsy 1999/11/29 v1.2d Bold Symbols
\pmbraise@=\dimen136
) (c:/Users/DELL/Desktop/software/texlive/2020/texmf-dist/tex/latex/amsmath/amsopn.sty
Package: amsopn 2016/03/08 v2.02 operator names
)
\inf@bad=\count176
LaTeX Info: Redefining \frac on input line 227.
\uproot@=\count177
\leftroot@=\count178
LaTeX Info: Redefining \overline on input line 389.
\classnum@=\count179
\DOTSCASE@=\count180
LaTeX Info: Redefining \ldots on input line 486.
LaTeX Info: Redefining \dots on input line 489.
LaTeX Info: Redefining \cdots on input line 610.
\Mathstrutbox@=\box46
\strutbox@=\box47
\big@size=\dimen137
LaTeX Font Info:    Redeclaring font encoding OML on input line 733.
LaTeX Font Info:    Redeclaring font encoding OMS on input line 734.
\macc@depth=\count181
\c@MaxMatrixCols=\count182
\dotsspace@=\muskip16
\c@parentequation=\count183
\dspbrk@lvl=\count184
\tag@help=\toks18
\row@=\count185
\column@=\count186
\maxfields@=\count187
\andhelp@=\toks19
\eqnshift@=\dimen138
\alignsep@=\dimen139
\tagshift@=\dimen140
\tagwidth@=\dimen141
\totwidth@=\dimen142
\lineht@=\dimen143
\@envbody=\toks20
\multlinegap=\skip50
\multlinetaggap=\skip51
\mathdisplay@stack=\toks21
LaTeX Info: Redefining \[ on input line 2859.
LaTeX Info: Redefining \] on input line 2860.
) (c:/Users/DELL/Desktop/robot/vslam/PA2/presentation.aux)
\openout1 = `presentation.aux'.

LaTeX Font Info:    Checking defaults for OML/cmm/m/it on input line 5.
LaTeX Font Info:    ... okay on input line 5.
LaTeX Font Info:    Checking defaults for OMS/cmsy/m/n on input line 5.
LaTeX Font Info:    ... okay on input line 5.
LaTeX Font Info:    Checking defaults for OT1/cmr/m/n on input line 5.
LaTeX Font Info:    ... okay on input line 5.
LaTeX Font Info:    Checking defaults for T1/cmr/m/n on input line 5.
LaTeX Font Info:    ... okay on input line 5.
LaTeX Font Info:    Checking defaults for TS1/cmr/m/n on input line 5.
LaTeX Font Info:    ... okay on input line 5.
LaTeX Font Info:    Checking defaults for OMX/cmex/m/n on input line 5.
LaTeX Font Info:    ... okay on input line 5.
LaTeX Font Info:    Checking defaults for U/cmr/m/n on input line 5.
LaTeX Font Info:    ... okay on input line 5.


c:/Users/DELL/Desktop/robot/vslam/PA2/presentation.tex:6: Package inputenc Error: Unicode character å‘ (U+5411)
(inputenc)                not set up for use with LaTeX.

See the inputenc package documentation for explanation.
Type  H <return>  for immediate help.
 ...                                              
                                                  
l.6 \section{å‘é‡å‡ ä½•æ³•}
                             
You may provide a definition with
\DeclareUnicodeCharacter 


c:/Users/DELL/Desktop/robot/vslam/PA2/presentation.tex:6: Package inputenc Error: Unicode character é‡ (U+91CF)
(inputenc)                not set up for use with LaTeX.

See the inputenc package documentation for explanation.
Type  H <return>  for immediate help.
 ...                                              
                                                  
l.6 \section{å‘é‡å‡ ä½•æ³•}
                             
You may provide a definition with
\DeclareUnicodeCharacter 


c:/Users/DELL/Desktop/robot/vslam/PA2/presentation.tex:6: Package inputenc Error: Unicode character å‡  (U+51E0)
(inputenc)                not set up for use with LaTeX.

See the inputenc package documentation for explanation.
Type  H <return>  for immediate help.
 ...                                              
                                                  
l.6 \section{å‘é‡å‡ ä½•æ³•}
                             
You may provide a definition with
\DeclareUnicodeCharacter 


c:/Users/DELL/Desktop/robot/vslam/PA2/presentation.tex:6: Package inputenc Error: Unicode character ä½• (U+4F55)
(inputenc)                not set up for use with LaTeX.

See the inputenc package documentation for explanation.
Type  H <return>  for immediate help.
 ...                                              
                                                  
l.6 \section{å‘é‡å‡ ä½•æ³•}
                             
You may provide a definition with
\DeclareUnicodeCharacter 


c:/Users/DELL/Desktop/robot/vslam/PA2/presentation.tex:6: Package inputenc Error: Unicode character æ³• (U+6CD5)
(inputenc)                not set up for use with LaTeX.

See the inputenc package documentation for explanation.
Type  H <return>  for immediate help.
 ...                                              
                                                  
l.6 \section{å‘é‡å‡ ä½•æ³•}
                             
You may provide a definition with
\DeclareUnicodeCharacter 


c:/Users/DELL/Desktop/robot/vslam/PA2/presentation.tex:7: Package inputenc Error: Unicode character å¯¹ (U+5BF9)
(inputenc)                not set up for use with LaTeX.

See the inputenc package documentation for explanation.
Type  H <return>  for immediate help.
 ...                                              
                                                  
l.7 å¯¹
       äºä»»æ„çš„æ—‹è½¬è½´$\omega$($\omega$æ˜¯ä¸€ä¸ªä¸‰ç»´å•ä½å‘é‡)ï¼Œ...
You may provide a definition with
\DeclareUnicodeCharacter 


c:/Users/DELL/Desktop/robot/vslam/PA2/presentation.tex:7: Package inputenc Error: Unicode character äº (U+4E8E)
(inputenc)                not set up for use with LaTeX.

See the inputenc package documentation for explanation.
Type  H <return>  for immediate help.
 ...                                              
                                                  
l.7 å¯¹äº
          ä»»æ„çš„æ—‹è½¬è½´$\omega$($\omega$æ˜¯ä¸€ä¸ªä¸‰ç»´å•ä½å‘é‡)ï¼Œ...
You may provide a definition with
\DeclareUnicodeCharacter 


c:/Users/DELL/Desktop/robot/vslam/PA2/presentation.tex:7: Package inputenc Error: Unicode character ä»» (U+4EFB)
(inputenc)                not set up for use with LaTeX.

See the inputenc package documentation for explanation.
Type  H <return>  for immediate help.
 ...                                              
                                                  
l.7 å¯¹äºä»»
             æ„çš„æ—‹è½¬è½´$\omega$($\omega$æ˜¯ä¸€ä¸ªä¸‰ç»´å•ä½å‘é‡)ï¼Œ...
You may provide a definition with
\DeclareUnicodeCharacter 


c:/Users/DELL/Desktop/robot/vslam/PA2/presentation.tex:7: Package inputenc Error: Unicode character æ„ (U+610F)
(inputenc)                not set up for use with LaTeX.

See the inputenc package documentation for explanation.
Type  H <return>  for immediate help.
 ...                                              
                                                  
l.7 å¯¹äºä»»æ„
                çš„æ—‹è½¬è½´$\omega$($\omega$æ˜¯ä¸€ä¸ªä¸‰ç»´å•ä½å‘é‡)ï¼Œ...
You may provide a definition with
\DeclareUnicodeCharacter 


c:/Users/DELL/Desktop/robot/vslam/PA2/presentation.tex:7: Package inputenc Error: Unicode character çš„ (U+7684)
(inputenc)                not set up for use with LaTeX.

See the inputenc package documentation for explanation.
Type  H <return>  for immediate help.
 ...                                              
                                                  
l.7 å¯¹äºä»»æ„çš„
                   æ—‹è½¬è½´$\omega$($\omega$æ˜¯ä¸€ä¸ªä¸‰ç»´å•ä½å‘é‡)ï¼Œ...
You may provide a definition with
\DeclareUnicodeCharacter 


c:/Users/DELL/Desktop/robot/vslam/PA2/presentation.tex:7: Package inputenc Error: Unicode character æ—‹ (U+65CB)
(inputenc)                not set up for use with LaTeX.

See the inputenc package documentation for explanation.
Type  H <return>  for immediate help.
 ...                                              
                                                  
l.7 å¯¹äºä»»æ„çš„æ—‹
                      è½¬è½´$\omega$($\omega$æ˜¯ä¸€ä¸ªä¸‰ç»´å•ä½å‘é‡)ï¼Œ...
You may provide a definition with
\DeclareUnicodeCharacter 


c:/Users/DELL/Desktop/robot/vslam/PA2/presentation.tex:7: Package inputenc Error: Unicode character è½¬ (U+8F6C)
(inputenc)                not set up for use with LaTeX.

See the inputenc package documentation for explanation.
Type  H <return>  for immediate help.
 ...                                              
                                                  
l.7 å¯¹äºä»»æ„çš„æ—‹è½¬
                         è½´$\omega$($\omega$æ˜¯ä¸€ä¸ªä¸‰ç»´å•ä½å‘é‡)ï¼Œ...
You may provide a definition with
\DeclareUnicodeCharacter 


c:/Users/DELL/Desktop/robot/vslam/PA2/presentation.tex:7: Package inputenc Error: Unicode character è½´ (U+8F74)
(inputenc)                not set up for use with LaTeX.

See the inputenc package documentation for explanation.
Type  H <return>  for immediate help.
 ...                                              
                                                  
l.7 å¯¹äºä»»æ„çš„æ—‹è½¬è½´
                            $\omega$($\omega$æ˜¯ä¸€ä¸ªä¸‰ç»´å•ä½å‘é‡)ï¼Œ...
You may provide a definition with
\DeclareUnicodeCharacter 


c:/Users/DELL/Desktop/robot/vslam/PA2/presentation.tex:7: Package inputenc Error: Unicode character æ˜¯ (U+662F)
(inputenc)                not set up for use with LaTeX.

See the inputenc package documentation for explanation.
Type  H <return>  for immediate help.
 ...                                              
                                                  
l.7 å¯¹äºä»»æ„çš„æ—‹è½¬è½´$\omega$($\omega$æ˜¯
                                                ä¸€ä¸ªä¸‰ç»´å•ä½å‘é‡)ï¼Œ...
You may provide a definition with
\DeclareUnicodeCharacter 


c:/Users/DELL/Desktop/robot/vslam/PA2/presentation.tex:7: Package inputenc Error: Unicode character ä¸€ (U+4E00)
(inputenc)                not set up for use with LaTeX.

See the inputenc package documentation for explanation.
Type  H <return>  for immediate help.
 ...                                              
                                                  
l.7 ...ºä»»æ„çš„æ—‹è½¬è½´$\omega$($\omega$æ˜¯ä¸€
                                                  ä¸ªä¸‰ç»´å•ä½å‘é‡)ï¼Œå...
You may provide a definition with
\DeclareUnicodeCharacter 


c:/Users/DELL/Desktop/robot/vslam/PA2/presentation.tex:7: Package inputenc Error: Unicode character ä¸ª (U+4E2A)
(inputenc)                not set up for use with LaTeX.

See the inputenc package documentation for explanation.
Type  H <return>  for immediate help.
 ...                                              
                                                  
l.7 ...»»æ„çš„æ—‹è½¬è½´$\omega$($\omega$æ˜¯ä¸€ä¸ª
                                                  ä¸‰ç»´å•ä½å‘é‡)ï¼Œå’Œä...
You may provide a definition with
\DeclareUnicodeCharacter 


c:/Users/DELL/Desktop/robot/vslam/PA2/presentation.tex:7: Package inputenc Error: Unicode character ä¸‰ (U+4E09)
(inputenc)                not set up for use with LaTeX.

See the inputenc package documentation for explanation.
Type  H <return>  for immediate help.
 ...                                              
                                                  
l.7 ...„çš„æ—‹è½¬è½´$\omega$($\omega$æ˜¯ä¸€ä¸ªä¸‰
                                                  ç»´å•ä½å‘é‡)ï¼Œå’Œä»»æ...
You may provide a definition with
\DeclareUnicodeCharacter 


c:/Users/DELL/Desktop/robot/vslam/PA2/presentation.tex:7: Package inputenc Error: Unicode character ç»´ (U+7EF4)
(inputenc)                not set up for use with LaTeX.

See the inputenc package documentation for explanation.
Type  H <return>  for immediate help.
 ...                                              
                                                  
l.7 ...š„æ—‹è½¬è½´$\omega$($\omega$æ˜¯ä¸€ä¸ªä¸‰ç»´
                                                  å•ä½å‘é‡)ï¼Œå’Œä»»æ„ç...
You may provide a definition with
\DeclareUnicodeCharacter 


c:/Users/DELL/Desktop/robot/vslam/PA2/presentation.tex:7: Package inputenc Error: Unicode character å• (U+5355)
(inputenc)                not set up for use with LaTeX.

See the inputenc package documentation for explanation.
Type  H <return>  for immediate help.
 ...                                              
                                                  
l.7 ...—‹è½¬è½´$\omega$($\omega$æ˜¯ä¸€ä¸ªä¸‰ç»´å•
                                                  ä½å‘é‡)ï¼Œå’Œä»»æ„çš„å...
You may provide a definition with
\DeclareUnicodeCharacter 


c:/Users/DELL/Desktop/robot/vslam/PA2/presentation.tex:7: Package inputenc Error: Unicode character ä½ (U+4F4D)
(inputenc)                not set up for use with LaTeX.

See the inputenc package documentation for explanation.
Type  H <return>  for immediate help.
 ...                                              
                                                  
l.7 ...½¬è½´$\omega$($\omega$æ˜¯ä¸€ä¸ªä¸‰ç»´å•ä½
                                                  å‘é‡)ï¼Œå’Œä»»æ„çš„å‘é...
You may provide a definition with
\DeclareUnicodeCharacter 


c:/Users/DELL/Desktop/robot/vslam/PA2/presentation.tex:7: Package inputenc Error: Unicode character å‘ (U+5411)
(inputenc)                not set up for use with LaTeX.

See the inputenc package documentation for explanation.
Type  H <return>  for immediate help.
 ...                                              
                                                  
l.7 ...½´$\omega$($\omega$æ˜¯ä¸€ä¸ªä¸‰ç»´å•ä½å‘
                                                  é‡)ï¼Œå’Œä»»æ„çš„å‘é‡$...
You may provide a definition with
\DeclareUnicodeCharacter 


c:/Users/DELL/Desktop/robot/vslam/PA2/presentation.tex:7: Package inputenc Error: Unicode character é‡ (U+91CF)
(inputenc)                not set up for use with LaTeX.

See the inputenc package documentation for explanation.
Type  H <return>  for immediate help.
 ...                                              
                                                  
l.7 ...\omega$($\omega$æ˜¯ä¸€ä¸ªä¸‰ç»´å•ä½å‘é‡
                                                  )ï¼Œå’Œä»»æ„çš„å‘é‡$v$ï¼Œ
You may provide a definition with
\DeclareUnicodeCharacter 


c:/Users/DELL/Desktop/robot/vslam/PA2/presentation.tex:7: Package inputenc Error: Unicode character ï¼Œ (U+FF0C)
(inputenc)                not set up for use with LaTeX.

See the inputenc package documentation for explanation.
Type  H <return>  for immediate help.
 ...                                              
                                                  
l.7 ...ga$($\omega$æ˜¯ä¸€ä¸ªä¸‰ç»´å•ä½å‘é‡)ï¼Œ
                                                  å’Œä»»æ„çš„å‘é‡$v$ï¼Œ
You may provide a definition with
\DeclareUnicodeCharacter 


c:/Users/DELL/Desktop/robot/vslam/PA2/presentation.tex:7: Package inputenc Error: Unicode character å’Œ (U+548C)
(inputenc)                not set up for use with LaTeX.

See the inputenc package documentation for explanation.
Type  H <return>  for immediate help.
 ...                                              
                                                  
l.7 ...($\omega$æ˜¯ä¸€ä¸ªä¸‰ç»´å•ä½å‘é‡)ï¼Œå’Œ
                                                  ä»»æ„çš„å‘é‡$v$ï¼Œ
You may provide a definition with
\DeclareUnicodeCharacter 


c:/Users/DELL/Desktop/robot/vslam/PA2/presentation.tex:7: Package inputenc Error: Unicode character ä»» (U+4EFB)
(inputenc)                not set up for use with LaTeX.

See the inputenc package documentation for explanation.
Type  H <return>  for immediate help.
 ...                                              
                                                  
l.7 ...omega$æ˜¯ä¸€ä¸ªä¸‰ç»´å•ä½å‘é‡)ï¼Œå’Œä»»
                                                  æ„çš„å‘é‡$v$ï¼Œ
You may provide a definition with
\DeclareUnicodeCharacter 


c:/Users/DELL/Desktop/robot/vslam/PA2/presentation.tex:7: Package inputenc Error: Unicode character æ„ (U+610F)
(inputenc)                not set up for use with LaTeX.

See the inputenc package documentation for explanation.
Type  H <return>  for immediate help.
 ...                                              
                                                  
l.7 ...ga$æ˜¯ä¸€ä¸ªä¸‰ç»´å•ä½å‘é‡)ï¼Œå’Œä»»æ„
                                                  çš„å‘é‡$v$ï¼Œ
You may provide a definition with
\DeclareUnicodeCharacter 


c:/Users/DELL/Desktop/robot/vslam/PA2/presentation.tex:7: Package inputenc Error: Unicode character çš„ (U+7684)
(inputenc)                not set up for use with LaTeX.

See the inputenc package documentation for explanation.
Type  H <return>  for immediate help.
 ...                                              
                                                  
l.7 ...æ˜¯ä¸€ä¸ªä¸‰ç»´å•ä½å‘é‡)ï¼Œå’Œä»»æ„çš„
                                                  å‘é‡$v$ï¼Œ
You may provide a definition with
\DeclareUnicodeCharacter 


c:/Users/DELL/Desktop/robot/vslam/PA2/presentation.tex:7: Package inputenc Error: Unicode character å‘ (U+5411)
(inputenc)                not set up for use with LaTeX.

See the inputenc package documentation for explanation.
Type  H <return>  for immediate help.
 ...                                              
                                                  
l.7 ...ä¸€ä¸ªä¸‰ç»´å•ä½å‘é‡)ï¼Œå’Œä»»æ„çš„å‘
                                                  é‡$v$ï¼Œ
You may provide a definition with
\DeclareUnicodeCharacter 


c:/Users/DELL/Desktop/robot/vslam/PA2/presentation.tex:7: Package inputenc Error: Unicode character é‡ (U+91CF)
(inputenc)                not set up for use with LaTeX.

See the inputenc package documentation for explanation.
Type  H <return>  for immediate help.
 ...                                              
                                                  
l.7 ...ä¸ªä¸‰ç»´å•ä½å‘é‡)ï¼Œå’Œä»»æ„çš„å‘é‡
                                                  $v$ï¼Œ
You may provide a definition with
\DeclareUnicodeCharacter 


c:/Users/DELL/Desktop/robot/vslam/PA2/presentation.tex:7: Package inputenc Error: Unicode character ï¼Œ (U+FF0C)
(inputenc)                not set up for use with LaTeX.

See the inputenc package documentation for explanation.
Type  H <return>  for immediate help.
 ...                                              
                                                  
l.7 ...ç»´å•ä½å‘é‡)ï¼Œå’Œä»»æ„çš„å‘é‡$v$ï¼Œ
                                                  
You may provide a definition with
\DeclareUnicodeCharacter 


c:/Users/DELL/Desktop/robot/vslam/PA2/presentation.tex:8: Package inputenc Error: Unicode character æ€» (U+603B)
(inputenc)                not set up for use with LaTeX.

See the inputenc package documentation for explanation.
Type  H <return>  for immediate help.
 ...                                              
                                                  
l.8 $v$æ€»
          å¯ä»¥åˆ†è§£ä¸º$v_{\perp}$å’Œ$v_{//}$ï¼Œå…¶ä¸­
You may provide a definition with
\DeclareUnicodeCharacter 


c:/Users/DELL/Desktop/robot/vslam/PA2/presentation.tex:8: Package inputenc Error: Unicode character å¯ (U+53EF)
(inputenc)                not set up for use with LaTeX.

See the inputenc package documentation for explanation.
Type  H <return>  for immediate help.
 ...                                              
                                                  
l.8 $v$æ€»å¯
             ä»¥åˆ†è§£ä¸º$v_{\perp}$å’Œ$v_{//}$ï¼Œå…¶ä¸­
You may provide a definition with
\DeclareUnicodeCharacter 


c:/Users/DELL/Desktop/robot/vslam/PA2/presentation.tex:8: Package inputenc Error: Unicode character ä»¥ (U+4EE5)
(inputenc)                not set up for use with LaTeX.

See the inputenc package documentation for explanation.
Type  H <return>  for immediate help.
 ...                                              
                                                  
l.8 $v$æ€»å¯ä»¥
                åˆ†è§£ä¸º$v_{\perp}$å’Œ$v_{//}$ï¼Œå…¶ä¸­
You may provide a definition with
\DeclareUnicodeCharacter 


c:/Users/DELL/Desktop/robot/vslam/PA2/presentation.tex:8: Package inputenc Error: Unicode character åˆ† (U+5206)
(inputenc)                not set up for use with LaTeX.

See the inputenc package documentation for explanation.
Type  H <return>  for immediate help.
 ...                                              
                                                  
l.8 $v$æ€»å¯ä»¥åˆ†
                   è§£ä¸º$v_{\perp}$å’Œ$v_{//}$ï¼Œå…¶ä¸­
You may provide a definition with
\DeclareUnicodeCharacter 


c:/Users/DELL/Desktop/robot/vslam/PA2/presentation.tex:8: Package inputenc Error: Unicode character è§£ (U+89E3)
(inputenc)                not set up for use with LaTeX.

See the inputenc package documentation for explanation.
Type  H <return>  for immediate help.
 ...                                              
                                                  
l.8 $v$æ€»å¯ä»¥åˆ†è§£
                      ä¸º$v_{\perp}$å’Œ$v_{//}$ï¼Œå…¶ä¸­
You may provide a definition with
\DeclareUnicodeCharacter 


c:/Users/DELL/Desktop/robot/vslam/PA2/presentation.tex:8: Package inputenc Error: Unicode character ä¸º (U+4E3A)
(inputenc)                not set up for use with LaTeX.

See the inputenc package documentation for explanation.
Type  H <return>  for immediate help.
 ...                                              
                                                  
l.8 $v$æ€»å¯ä»¥åˆ†è§£ä¸º
                         $v_{\perp}$å’Œ$v_{//}$ï¼Œå…¶ä¸­
You may provide a definition with
\DeclareUnicodeCharacter 


c:/Users/DELL/Desktop/robot/vslam/PA2/presentation.tex:8: Package inputenc Error: Unicode character å’Œ (U+548C)
(inputenc)                not set up for use with LaTeX.

See the inputenc package documentation for explanation.
Type  H <return>  for immediate help.
 ...                                              
                                                  
l.8 $v$æ€»å¯ä»¥åˆ†è§£ä¸º$v_{\perp}$å’Œ
                                       $v_{//}$ï¼Œå…¶ä¸­
You may provide a definition with
\DeclareUnicodeCharacter 


c:/Users/DELL/Desktop/robot/vslam/PA2/presentation.tex:8: Package inputenc Error: Unicode character ï¼Œ (U+FF0C)
(inputenc)                not set up for use with LaTeX.

See the inputenc package documentation for explanation.
Type  H <return>  for immediate help.
 ...                                              
                                                  
l.8 $v$æ€»å¯ä»¥åˆ†è§£ä¸º$v_{\perp}$å’Œ$v_{//}$ï¼Œ
                                                  å…¶ä¸­
You may provide a definition with
\DeclareUnicodeCharacter 


c:/Users/DELL/Desktop/robot/vslam/PA2/presentation.tex:8: Package inputenc Error: Unicode character å…¶ (U+5176)
(inputenc)                not set up for use with LaTeX.

See the inputenc package documentation for explanation.
Type  H <return>  for immediate help.
 ...                                              
                                                  
l.8 ...å¯ä»¥åˆ†è§£ä¸º$v_{\perp}$å’Œ$v_{//}$ï¼Œå…¶
                                                  ä¸­
You may provide a definition with
\DeclareUnicodeCharacter 


c:/Users/DELL/Desktop/robot/vslam/PA2/presentation.tex:8: Package inputenc Error: Unicode character ä¸­ (U+4E2D)
(inputenc)                not set up for use with LaTeX.

See the inputenc package documentation for explanation.
Type  H <return>  for immediate help.
 ...                                              
                                                  
l.8 ...ä»¥åˆ†è§£ä¸º$v_{\perp}$å’Œ$v_{//}$ï¼Œå…¶ä¸­
                                                  
You may provide a definition with
\DeclareUnicodeCharacter 


c:/Users/DELL/Desktop/robot/vslam/PA2/presentation.tex:9: Package inputenc Error: Unicode character ï¼Œ (U+FF0C)
(inputenc)                not set up for use with LaTeX.

See the inputenc package documentation for explanation.
Type  H <return>  for immediate help.
 ...                                              
                                                  
l.9 $v_{//}=(v \cdot \omega) v$ï¼Œ
                                  $v_{\perp}=v-v_{//}$ã€‚
You may provide a definition with
\DeclareUnicodeCharacter 


c:/Users/DELL/Desktop/robot/vslam/PA2/presentation.tex:9: Package inputenc Error: Unicode character ã€‚ (U+3002)
(inputenc)                not set up for use with LaTeX.

See the inputenc package documentation for explanation.
Type  H <return>  for immediate help.
 ...                                              
                                                  
l.9 ... \cdot \omega) v$ï¼Œ$v_{\perp}=v-v_{//}$ã€‚
                                                  
You may provide a definition with
\DeclareUnicodeCharacter 


c:/Users/DELL/Desktop/robot/vslam/PA2/presentation.tex:10: Package inputenc Error: Unicode character åœ¨ (U+5728)
(inputenc)                not set up for use with LaTeX.

See the inputenc package documentation for explanation.
Type  H <return>  for immediate help.
 ...                                              
                                                  
l.10 åœ¨
        æ—‹è½¬è¿‡ç¨‹ä¸­ï¼Œå¹³è¡Œäºæ—‹è½¬è½´çš„$v_{//}$ä¸ä¼šå‘ç”Ÿå˜æ¢ï¼Œ...
You may provide a definition with
\DeclareUnicodeCharacter 


c:/Users/DELL/Desktop/robot/vslam/PA2/presentation.tex:10: Package inputenc Error: Unicode character æ—‹ (U+65CB)
(inputenc)                not set up for use with LaTeX.

See the inputenc package documentation for explanation.
Type  H <return>  for immediate help.
 ...                                              
                                                  
l.10 åœ¨æ—‹
           è½¬è¿‡ç¨‹ä¸­ï¼Œå¹³è¡Œäºæ—‹è½¬è½´çš„$v_{//}$ä¸ä¼šå‘ç”Ÿå˜æ¢ï¼Œ...
You may provide a definition with
\DeclareUnicodeCharacter 


c:/Users/DELL/Desktop/robot/vslam/PA2/presentation.tex:10: Package inputenc Error: Unicode character è½¬ (U+8F6C)
(inputenc)                not set up for use with LaTeX.

See the inputenc package documentation for explanation.
Type  H <return>  for immediate help.
 ...                                              
                                                  
l.10 åœ¨æ—‹è½¬
              è¿‡ç¨‹ä¸­ï¼Œå¹³è¡Œäºæ—‹è½¬è½´çš„$v_{//}$ä¸ä¼šå‘ç”Ÿå˜æ¢ï¼Œ...
You may provide a definition with
\DeclareUnicodeCharacter 


c:/Users/DELL/Desktop/robot/vslam/PA2/presentation.tex:10: Package inputenc Error: Unicode character è¿‡ (U+8FC7)
(inputenc)                not set up for use with LaTeX.

See the inputenc package documentation for explanation.
Type  H <return>  for immediate help.
 ...                                              
                                                  
l.10 åœ¨æ—‹è½¬è¿‡
                 ç¨‹ä¸­ï¼Œå¹³è¡Œäºæ—‹è½¬è½´çš„$v_{//}$ä¸ä¼šå‘ç”Ÿå˜æ¢ï¼Œ...
You may provide a definition with
\DeclareUnicodeCharacter 


c:/Users/DELL/Desktop/robot/vslam/PA2/presentation.tex:10: Package inputenc Error: Unicode character ç¨‹ (U+7A0B)
(inputenc)                not set up for use with LaTeX.

See the inputenc package documentation for explanation.
Type  H <return>  for immediate help.
 ...                                              
                                                  
l.10 åœ¨æ—‹è½¬è¿‡ç¨‹
                    ä¸­ï¼Œå¹³è¡Œäºæ—‹è½¬è½´çš„$v_{//}$ä¸ä¼šå‘ç”Ÿå˜æ¢ï¼Œ...
You may provide a definition with
\DeclareUnicodeCharacter 


c:/Users/DELL/Desktop/robot/vslam/PA2/presentation.tex:10: Package inputenc Error: Unicode character ä¸­ (U+4E2D)
(inputenc)                not set up for use with LaTeX.

See the inputenc package documentation for explanation.
Type  H <return>  for immediate help.
 ...                                              
                                                  
l.10 åœ¨æ—‹è½¬è¿‡ç¨‹ä¸­
                       ï¼Œå¹³è¡Œäºæ—‹è½¬è½´çš„$v_{//}$ä¸ä¼šå‘ç”Ÿå˜æ¢ï¼Œ...
You may provide a definition with
\DeclareUnicodeCharacter 


c:/Users/DELL/Desktop/robot/vslam/PA2/presentation.tex:10: Package inputenc Error: Unicode character ï¼Œ (U+FF0C)
(inputenc)                not set up for use with LaTeX.

See the inputenc package documentation for explanation.
Type  H <return>  for immediate help.
 ...                                              
                                                  
l.10 åœ¨æ—‹è½¬è¿‡ç¨‹ä¸­ï¼Œ
                          å¹³è¡Œäºæ—‹è½¬è½´çš„$v_{//}$ä¸ä¼šå‘ç”Ÿå˜æ¢ï¼Œ...
You may provide a definition with
\DeclareUnicodeCharacter 


c:/Users/DELL/Desktop/robot/vslam/PA2/presentation.tex:10: Package inputenc Error: Unicode character å¹³ (U+5E73)
(inputenc)                not set up for use with LaTeX.

See the inputenc package documentation for explanation.
Type  H <return>  for immediate help.
 ...                                              
                                                  
l.10 åœ¨æ—‹è½¬è¿‡ç¨‹ä¸­ï¼Œå¹³
                             è¡Œäºæ—‹è½¬è½´çš„$v_{//}$ä¸ä¼šå‘ç”Ÿå˜æ¢ï¼Œ...
You may provide a definition with
\DeclareUnicodeCharacter 


c:/Users/DELL/Desktop/robot/vslam/PA2/presentation.tex:10: Package inputenc Error: Unicode character è¡Œ (U+884C)
(inputenc)                not set up for use with LaTeX.

See the inputenc package documentation for explanation.
Type  H <return>  for immediate help.
 ...                                              
                                                  
l.10 åœ¨æ—‹è½¬è¿‡ç¨‹ä¸­ï¼Œå¹³è¡Œ
                                äºæ—‹è½¬è½´çš„$v_{//}$ä¸ä¼šå‘ç”Ÿå˜æ¢ï¼Œ...
You may provide a definition with
\DeclareUnicodeCharacter 


c:/Users/DELL/Desktop/robot/vslam/PA2/presentation.tex:10: Package inputenc Error: Unicode character äº (U+4E8E)
(inputenc)                not set up for use with LaTeX.

See the inputenc package documentation for explanation.
Type  H <return>  for immediate help.
 ...                                              
                                                  
l.10 åœ¨æ—‹è½¬è¿‡ç¨‹ä¸­ï¼Œå¹³è¡Œäº
                                   æ—‹è½¬è½´çš„$v_{//}$ä¸ä¼šå‘ç”Ÿå˜æ¢ï¼Œ...
You may provide a definition with
\DeclareUnicodeCharacter 


c:/Users/DELL/Desktop/robot/vslam/PA2/presentation.tex:10: Package inputenc Error: Unicode character æ—‹ (U+65CB)
(inputenc)                not set up for use with LaTeX.

See the inputenc package documentation for explanation.
Type  H <return>  for immediate help.
 ...                                              
                                                  
l.10 åœ¨æ—‹è½¬è¿‡ç¨‹ä¸­ï¼Œå¹³è¡Œäºæ—‹
                                      è½¬è½´çš„$v_{//}$ä¸ä¼šå‘ç”Ÿå˜æ¢ï¼Œ...
You may provide a definition with
\DeclareUnicodeCharacter 


c:/Users/DELL/Desktop/robot/vslam/PA2/presentation.tex:10: Package inputenc Error: Unicode character è½¬ (U+8F6C)
(inputenc)                not set up for use with LaTeX.

See the inputenc package documentation for explanation.
Type  H <return>  for immediate help.
 ...                                              
                                                  
l.10 åœ¨æ—‹è½¬è¿‡ç¨‹ä¸­ï¼Œå¹³è¡Œäºæ—‹è½¬
                                         è½´çš„$v_{//}$ä¸ä¼šå‘ç”Ÿå˜æ¢ï¼Œ...
You may provide a definition with
\DeclareUnicodeCharacter 


c:/Users/DELL/Desktop/robot/vslam/PA2/presentation.tex:10: Package inputenc Error: Unicode character è½´ (U+8F74)
(inputenc)                not set up for use with LaTeX.

See the inputenc package documentation for explanation.
Type  H <return>  for immediate help.
 ...                                              
                                                  
l.10 åœ¨æ—‹è½¬è¿‡ç¨‹ä¸­ï¼Œå¹³è¡Œäºæ—‹è½¬è½´
                                            çš„$v_{//}$ä¸ä¼šå‘ç”Ÿå˜æ¢ï¼Œ...
You may provide a definition with
\DeclareUnicodeCharacter 


c:/Users/DELL/Desktop/robot/vslam/PA2/presentation.tex:10: Package inputenc Error: Unicode character çš„ (U+7684)
(inputenc)                not set up for use with LaTeX.

See the inputenc package documentation for explanation.
Type  H <return>  for immediate help.
 ...                                              
                                                  
l.10 åœ¨æ—‹è½¬è¿‡ç¨‹ä¸­ï¼Œå¹³è¡Œäºæ—‹è½¬è½´çš„
                                               $v_{//}$ä¸ä¼šå‘ç”Ÿå˜æ¢ï¼Œ...
You may provide a definition with
\DeclareUnicodeCharacter 


c:/Users/DELL/Desktop/robot/vslam/PA2/presentation.tex:10: Package inputenc Error: Unicode character ä¸ (U+4E0D)
(inputenc)                not set up for use with LaTeX.

See the inputenc package documentation for explanation.
Type  H <return>  for immediate help.
 ...                                              
                                                  
l.10 ...‡ç¨‹ä¸­ï¼Œå¹³è¡Œäºæ—‹è½¬è½´çš„$v_{//}$ä¸
                                                  ä¼šå‘ç”Ÿå˜æ¢ï¼Œåªæœ‰å...
You may provide a definition with
\DeclareUnicodeCharacter 


c:/Users/DELL/Desktop/robot/vslam/PA2/presentation.tex:10: Package inputenc Error: Unicode character ä¼š (U+4F1A)
(inputenc)                not set up for use with LaTeX.

See the inputenc package documentation for explanation.
Type  H <return>  for immediate help.
 ...                                              
                                                  
l.10 ...‹ä¸­ï¼Œå¹³è¡Œäºæ—‹è½¬è½´çš„$v_{//}$ä¸ä¼š
                                                  å‘ç”Ÿå˜æ¢ï¼Œåªæœ‰å‚ç›...
You may provide a definition with
\DeclareUnicodeCharacter 


c:/Users/DELL/Desktop/robot/vslam/PA2/presentation.tex:10: Package inputenc Error: Unicode character å‘ (U+53D1)
(inputenc)                not set up for use with LaTeX.

See the inputenc package documentation for explanation.
Type  H <return>  for immediate help.
 ...                                              
                                                  
l.10 ...­ï¼Œå¹³è¡Œäºæ—‹è½¬è½´çš„$v_{//}$ä¸ä¼šå‘
                                                  ç”Ÿå˜æ¢ï¼Œåªæœ‰å‚ç›´äº...
You may provide a definition with
\DeclareUnicodeCharacter 


c:/Users/DELL/Desktop/robot/vslam/PA2/presentation.tex:10: Package inputenc Error: Unicode character ç”Ÿ (U+751F)
(inputenc)                not set up for use with LaTeX.

See the inputenc package documentation for explanation.
Type  H <return>  for immediate help.
 ...                                              
                                                  
l.10 ...Œå¹³è¡Œäºæ—‹è½¬è½´çš„$v_{//}$ä¸ä¼šå‘ç”Ÿ
                                                  å˜æ¢ï¼Œåªæœ‰å‚ç›´äºæ—...
You may provide a definition with
\DeclareUnicodeCharacter 


c:/Users/DELL/Desktop/robot/vslam/PA2/presentation.tex:10: Package inputenc Error: Unicode character å˜ (U+53D8)
(inputenc)                not set up for use with LaTeX.

See the inputenc package documentation for explanation.
Type  H <return>  for immediate help.
 ...                                              
                                                  
l.10 ...³è¡Œäºæ—‹è½¬è½´çš„$v_{//}$ä¸ä¼šå‘ç”Ÿå˜
                                                  æ¢ï¼Œåªæœ‰å‚ç›´äºæ—‹è½...
You may provide a definition with
\DeclareUnicodeCharacter 


c:/Users/DELL/Desktop/robot/vslam/PA2/presentation.tex:10: Package inputenc Error: Unicode character æ¢ (U+6362)
(inputenc)                not set up for use with LaTeX.

See the inputenc package documentation for explanation.
Type  H <return>  for immediate help.
 ...                                              
                                                  
l.10 ...Œäºæ—‹è½¬è½´çš„$v_{//}$ä¸ä¼šå‘ç”Ÿå˜æ¢
                                                  ï¼Œåªæœ‰å‚ç›´äºæ—‹è½¬è½...
You may provide a definition with
\DeclareUnicodeCharacter 


c:/Users/DELL/Desktop/robot/vslam/PA2/presentation.tex:10: Package inputenc Error: Unicode character ï¼Œ (U+FF0C)
(inputenc)                not set up for use with LaTeX.

See the inputenc package documentation for explanation.
Type  H <return>  for immediate help.
 ...                                              
                                                  
l.10 ...æ—‹è½¬è½´çš„$v_{//}$ä¸ä¼šå‘ç”Ÿå˜æ¢ï¼Œ
                                                  åªæœ‰å‚ç›´äºæ—‹è½¬è½´çš...
You may provide a definition with
\DeclareUnicodeCharacter 


c:/Users/DELL/Desktop/robot/vslam/PA2/presentation.tex:10: Package inputenc Error: Unicode character åª (U+53EA)
(inputenc)                not set up for use with LaTeX.

See the inputenc package documentation for explanation.
Type  H <return>  for immediate help.
 ...                                              
                                                  
l.10 ...‹è½¬è½´çš„$v_{//}$ä¸ä¼šå‘ç”Ÿå˜æ¢ï¼Œåª
                                                  æœ‰å‚ç›´äºæ—‹è½¬è½´çš„$v...
You may provide a definition with
\DeclareUnicodeCharacter 


c:/Users/DELL/Desktop/robot/vslam/PA2/presentation.tex:10: Package inputenc Error: Unicode character æœ‰ (U+6709)
(inputenc)                not set up for use with LaTeX.

See the inputenc package documentation for explanation.
Type  H <return>  for immediate help.
 ...                                              
                                                  
l.10 ...¬è½´çš„$v_{//}$ä¸ä¼šå‘ç”Ÿå˜æ¢ï¼Œåªæœ‰
                                                  å‚ç›´äºæ—‹è½¬è½´çš„$v_{\...
You may provide a definition with
\DeclareUnicodeCharacter 


c:/Users/DELL/Desktop/robot/vslam/PA2/presentation.tex:10: Package inputenc Error: Unicode character å‚ (U+5782)
(inputenc)                not set up for use with LaTeX.

See the inputenc package documentation for explanation.
Type  H <return>  for immediate help.
 ...                                              
                                                  
l.10 ...´çš„$v_{//}$ä¸ä¼šå‘ç”Ÿå˜æ¢ï¼Œåªæœ‰å‚
                                                  ç›´äºæ—‹è½¬è½´çš„$v_{\per...
You may provide a definition with
\DeclareUnicodeCharacter 


c:/Users/DELL/Desktop/robot/vslam/PA2/presentation.tex:10: Package inputenc Error: Unicode character ç›´ (U+76F4)
(inputenc)                not set up for use with LaTeX.

See the inputenc package documentation for explanation.
Type  H <return>  for immediate help.
 ...                                              
                                                  
l.10 ...„$v_{//}$ä¸ä¼šå‘ç”Ÿå˜æ¢ï¼Œåªæœ‰å‚ç›´
                                                  äºæ—‹è½¬è½´çš„$v_{\perp}$...
You may provide a definition with
\DeclareUnicodeCharacter 


c:/Users/DELL/Desktop/robot/vslam/PA2/presentation.tex:10: Package inputenc Error: Unicode character äº (U+4E8E)
(inputenc)                not set up for use with LaTeX.

See the inputenc package documentation for explanation.
Type  H <return>  for immediate help.
 ...                                              
                                                  
l.10 ..._{//}$ä¸ä¼šå‘ç”Ÿå˜æ¢ï¼Œåªæœ‰å‚ç›´äº
                                                  æ—‹è½¬è½´çš„$v_{\perp}$ä¼š...
You may provide a definition with
\DeclareUnicodeCharacter 


c:/Users/DELL/Desktop/robot/vslam/PA2/presentation.tex:10: Package inputenc Error: Unicode character æ—‹ (U+65CB)
(inputenc)                not set up for use with LaTeX.

See the inputenc package documentation for explanation.
Type  H <return>  for immediate help.
 ...                                              
                                                  
l.10 .../}$ä¸ä¼šå‘ç”Ÿå˜æ¢ï¼Œåªæœ‰å‚ç›´äºæ—‹
                                                  è½¬è½´çš„$v_{\perp}$ä¼šå‘...
You may provide a definition with
\DeclareUnicodeCharacter 


c:/Users/DELL/Desktop/robot/vslam/PA2/presentation.tex:10: Package inputenc Error: Unicode character è½¬ (U+8F6C)
(inputenc)                not set up for use with LaTeX.

See the inputenc package documentation for explanation.
Type  H <return>  for immediate help.
 ...                                              
                                                  
l.10 ...ä¸ä¼šå‘ç”Ÿå˜æ¢ï¼Œåªæœ‰å‚ç›´äºæ—‹è½¬
                                                  è½´çš„$v_{\perp}$ä¼šå‘ç”Ÿ...
You may provide a definition with
\DeclareUnicodeCharacter 


c:/Users/DELL/Desktop/robot/vslam/PA2/presentation.tex:10: Package inputenc Error: Unicode character è½´ (U+8F74)
(inputenc)                not set up for use with LaTeX.

See the inputenc package documentation for explanation.
Type  H <return>  for immediate help.
 ...                                              
                                                  
l.10 ...ä¼šå‘ç”Ÿå˜æ¢ï¼Œåªæœ‰å‚ç›´äºæ—‹è½¬è½´
                                                  çš„$v_{\perp}$ä¼šå‘ç”Ÿå˜...
You may provide a definition with
\DeclareUnicodeCharacter 


c:/Users/DELL/Desktop/robot/vslam/PA2/presentation.tex:10: Package inputenc Error: Unicode character çš„ (U+7684)
(inputenc)                not set up for use with LaTeX.

See the inputenc package documentation for explanation.
Type  H <return>  for immediate help.
 ...                                              
                                                  
l.10 ...å‘ç”Ÿå˜æ¢ï¼Œåªæœ‰å‚ç›´äºæ—‹è½¬è½´çš„
                                                  $v_{\perp}$ä¼šå‘ç”Ÿå˜æ¢ã€‚
You may provide a definition with
\DeclareUnicodeCharacter 


c:/Users/DELL/Desktop/robot/vslam/PA2/presentation.tex:10: Package inputenc Error: Unicode character ä¼š (U+4F1A)
(inputenc)                not set up for use with LaTeX.

See the inputenc package documentation for explanation.
Type  H <return>  for immediate help.
 ...                                              
                                                  
l.10 ...Œåªæœ‰å‚ç›´äºæ—‹è½¬è½´çš„$v_{\perp}$ä¼š
                                                  å‘ç”Ÿå˜æ¢ã€‚
You may provide a definition with
\DeclareUnicodeCharacter 


c:/Users/DELL/Desktop/robot/vslam/PA2/presentation.tex:10: Package inputenc Error: Unicode character å‘ (U+53D1)
(inputenc)                not set up for use with LaTeX.

See the inputenc package documentation for explanation.
Type  H <return>  for immediate help.
 ...                                              
                                                  
l.10 ...ªæœ‰å‚ç›´äºæ—‹è½¬è½´çš„$v_{\perp}$ä¼šå‘
                                                  ç”Ÿå˜æ¢ã€‚
You may provide a definition with
\DeclareUnicodeCharacter 


c:/Users/DELL/Desktop/robot/vslam/PA2/presentation.tex:10: Package inputenc Error: Unicode character ç”Ÿ (U+751F)
(inputenc)                not set up for use with LaTeX.

See the inputenc package documentation for explanation.
Type  H <return>  for immediate help.
 ...                                              
                                                  
l.10 ...‰å‚ç›´äºæ—‹è½¬è½´çš„$v_{\perp}$ä¼šå‘ç”Ÿ
                                                  å˜æ¢ã€‚
You may provide a definition with
\DeclareUnicodeCharacter 


c:/Users/DELL/Desktop/robot/vslam/PA2/presentation.tex:10: Package inputenc Error: Unicode character å˜ (U+53D8)
(inputenc)                not set up for use with LaTeX.

See the inputenc package documentation for explanation.
Type  H <return>  for immediate help.
 ...                                              
                                                  
l.10 ...‚ç›´äºæ—‹è½¬è½´çš„$v_{\perp}$ä¼šå‘ç”Ÿå˜
                                                  æ¢ã€‚
You may provide a definition with
\DeclareUnicodeCharacter 


c:/Users/DELL/Desktop/robot/vslam/PA2/presentation.tex:10: Package inputenc Error: Unicode character æ¢ (U+6362)
(inputenc)                not set up for use with LaTeX.

See the inputenc package documentation for explanation.
Type  H <return>  for immediate help.
 ...                                              
                                                  
l.10 ...´äºæ—‹è½¬è½´çš„$v_{\perp}$ä¼šå‘ç”Ÿå˜æ¢
                                                  ã€‚
You may provide a definition with
\DeclareUnicodeCharacter 


c:/Users/DELL/Desktop/robot/vslam/PA2/presentation.tex:10: Package inputenc Error: Unicode character ã€‚ (U+3002)
(inputenc)                not set up for use with LaTeX.

See the inputenc package documentation for explanation.
Type  H <return>  for immediate help.
 ...                                              
                                                  
l.10 ...æ—‹è½¬è½´çš„$v_{\perp}$ä¼šå‘ç”Ÿå˜æ¢ã€‚
                                                  
You may provide a definition with
\DeclareUnicodeCharacter 


c:/Users/DELL/Desktop/robot/vslam/PA2/presentation.tex:11: Package inputenc Error: Unicode character æ—‹ (U+65CB)
(inputenc)                not set up for use with LaTeX.

See the inputenc package documentation for explanation.
Type  H <return>  for immediate help.
 ...                                              
                                                  
l.11 æ—‹
        è½¬åä¸ºï¼š
You may provide a definition with
\DeclareUnicodeCharacter 


c:/Users/DELL/Desktop/robot/vslam/PA2/presentation.tex:11: Package inputenc Error: Unicode character è½¬ (U+8F6C)
(inputenc)                not set up for use with LaTeX.

See the inputenc package documentation for explanation.
Type  H <return>  for immediate help.
 ...                                              
                                                  
l.11 æ—‹è½¬
           åä¸ºï¼š
You may provide a definition with
\DeclareUnicodeCharacter 


c:/Users/DELL/Desktop/robot/vslam/PA2/presentation.tex:11: Package inputenc Error: Unicode character å (U+540E)
(inputenc)                not set up for use with LaTeX.

See the inputenc package documentation for explanation.
Type  H <return>  for immediate help.
 ...                                              
                                                  
l.11 æ—‹è½¬å
              ä¸ºï¼š
You may provide a definition with
\DeclareUnicodeCharacter 


c:/Users/DELL/Desktop/robot/vslam/PA2/presentation.tex:11: Package inputenc Error: Unicode character ä¸º (U+4E3A)
(inputenc)                not set up for use with LaTeX.

See the inputenc package documentation for explanation.
Type  H <return>  for immediate help.
 ...                                              
                                                  
l.11 æ—‹è½¬åä¸º
                 ï¼š
You may provide a definition with
\DeclareUnicodeCharacter 


c:/Users/DELL/Desktop/robot/vslam/PA2/presentation.tex:11: Package inputenc Error: Unicode character ï¼š (U+FF1A)
(inputenc)                not set up for use with LaTeX.

See the inputenc package documentation for explanation.
Type  H <return>  for immediate help.
 ...                                              
                                                  
l.11 æ—‹è½¬åä¸ºï¼š
                    
You may provide a definition with
\DeclareUnicodeCharacter 


c:/Users/DELL/Desktop/robot/vslam/PA2/presentation.tex:13: Package inputenc Error: Unicode character æ•… (U+6545)
(inputenc)                not set up for use with LaTeX.

See the inputenc package documentation for explanation.
Type  H <return>  for immediate help.
 ...                                              
                                                  
l.13 æ•…
        
You may provide a definition with
\DeclareUnicodeCharacter 


LaTeX Warning: Command \^ invalid in math mode on input line 22.

c:/Users/DELL/Desktop/robot/vslam/PA2/presentation.tex:22: Argument of \OT1\^ has an extra }.
<inserted text> 
                \par 
l.22     \end{split}
                    
I've run across a `}' that doesn't seem to match anything.
For example, `\def\a#1{...}' and `\a}' would produce
this error. If you simply proceed now, the `\par' that
I've just inserted will cause me to report a runaway
argument that might be the root of the problem. But if
your `}' was spurious, just type `2' and it will go away.

Runaway argument?
c:/Users/DELL/Desktop/robot/vslam/PA2/presentation.tex:22: Paragraph ended before \OT1\^ was complete.
<to be read again> 
                   \par 
l.22     \end{split}
                    
I suspect you've forgotten a `}', causing me to apply this
control sequence to too much text. How can we recover?
My plan is to forget the whole thing and hope for the best.

c:/Users/DELL/Desktop/robot/vslam/PA2/presentation.tex:22: Missing $ inserted.
<inserted text> 
                $
l.22     \end{split}
                    
I've inserted a begin-math/end-math symbol since I think
you left one out. Proceed, with fingers crossed.

c:/Users/DELL/Desktop/robot/vslam/PA2/presentation.tex:22: Missing } inserted.
<inserted text> 
                }
l.22     \end{split}
                    
I've inserted something that you may have forgotten.
(See the <inserted text> above.)
With luck, this will get me unwedged. But if you
really didn't forget anything, try typing `2' now; then
my insertion and my current dilemma will both disappear.

c:/Users/DELL/Desktop/robot/vslam/PA2/presentation.tex:22: Missing } inserted.
<inserted text> 
                }
l.22     \end{split}
                    
I've inserted something that you may have forgotten.
(See the <inserted text> above.)
With luck, this will get me unwedged. But if you
really didn't forget anything, try typing `2' now; then
my insertion and my current dilemma will both disappear.

c:/Users/DELL/Desktop/robot/vslam/PA2/presentation.tex:22: Missing \cr inserted.
<inserted text> 
                \cr 
l.22     \end{split}
                    
I'm guessing that you meant to end an alignment here.

c:/Users/DELL/Desktop/robot/vslam/PA2/presentation.tex:22: Missing \cr inserted.
<inserted text> 
                \cr 
l.22     \end{split}
                    
I'm guessing that you meant to end an alignment here.

c:/Users/DELL/Desktop/robot/vslam/PA2/presentation.tex:22: Misplaced \cr.
<inserted text> \cr 
                    
l.22     \end{split}
                    
I can't figure out why you would want to use a tab mark
or \cr or \span just now. If something like a right brace
up above has ended a previous alignment prematurely,
you're probably due for more error messages, and you
might try typing `S' now just to see what is salvageable.

c:/Users/DELL/Desktop/robot/vslam/PA2/presentation.tex:22: Missing \cr inserted.
<inserted text> 
                \cr 
l.22     \end{split}
                    
I'm guessing that you meant to end an alignment here.

c:/Users/DELL/Desktop/robot/vslam/PA2/presentation.tex:22: Misplaced \cr.
<inserted text> \cr 
                    
l.22     \end{split}
                    
I can't figure out why you would want to use a tab mark
or \cr or \span just now. If something like a right brace
up above has ended a previous alignment prematurely,
you're probably due for more error messages, and you
might try typing `S' now just to see what is salvageable.

c:/Users/DELL/Desktop/robot/vslam/PA2/presentation.tex:22: Missing \cr inserted.
<inserted text> 
                \cr 
l.22     \end{split}
                    
I'm guessing that you meant to end an alignment here.

c:/Users/DELL/Desktop/robot/vslam/PA2/presentation.tex:22: Misplaced \cr.
<inserted text> \cr 
                    
l.22     \end{split}
                    
I can't figure out why you would want to use a tab mark
or \cr or \span just now. If something like a right brace
up above has ended a previous alignment prematurely,
you're probably due for more error messages, and you
might try typing `S' now just to see what is salvageable.

c:/Users/DELL/Desktop/robot/vslam/PA2/presentation.tex:22: Missing \cr inserted.
<inserted text> 
                \cr 
l.22     \end{split}
                    
I'm guessing that you meant to end an alignment here.

c:/Users/DELL/Desktop/robot/vslam/PA2/presentation.tex:22: Misplaced \cr.
<inserted text> \cr 
                    
l.22     \end{split}
                    
I can't figure out why you would want to use a tab mark
or \cr or \span just now. If something like a right brace
up above has ended a previous alignment prematurely,
you're probably due for more error messages, and you
might try typing `S' now just to see what is salvageable.

c:/Users/DELL/Desktop/robot/vslam/PA2/presentation.tex:22: Missing \cr inserted.
<inserted text> 
                \cr 
l.22     \end{split}
                    
I'm guessing that you meant to end an alignment here.

c:/Users/DELL/Desktop/robot/vslam/PA2/presentation.tex:22: Misplaced \cr.
<inserted text> \cr 
                    
l.22     \end{split}
                    
I can't figure out why you would want to use a tab mark
or \cr or \span just now. If something like a right brace
up above has ended a previous alignment prematurely,
you're probably due for more error messages, and you
might try typing `S' now just to see what is salvageable.

c:/Users/DELL/Desktop/robot/vslam/PA2/presentation.tex:22: Missing \cr inserted.
<inserted text> 
                \cr 
l.22     \end{split}
                    
I'm guessing that you meant to end an alignment here.

c:/Users/DELL/Desktop/robot/vslam/PA2/presentation.tex:22: Misplaced \cr.
<inserted text> \cr 
                    
l.22     \end{split}
                    
I can't figure out why you would want to use a tab mark
or \cr or \span just now. If something like a right brace
up above has ended a previous alignment prematurely,
you're probably due for more error messages, and you
might try typing `S' now just to see what is salvageable.

c:/Users/DELL/Desktop/robot/vslam/PA2/presentation.tex:22: Missing \cr inserted.
<inserted text> 
                \cr 
l.22     \end{split}
                    
I'm guessing that you meant to end an alignment here.

c:/Users/DELL/Desktop/robot/vslam/PA2/presentation.tex:22: Misplaced \cr.
<inserted text> \cr 
                    
l.22     \end{split}
                    
I can't figure out why you would want to use a tab mark
or \cr or \span just now. If something like a right brace
up above has ended a previous alignment prematurely,
you're probably due for more error messages, and you
might try typing `S' now just to see what is salvageable.

c:/Users/DELL/Desktop/robot/vslam/PA2/presentation.tex:22: Missing \cr inserted.
<inserted text> 
                \cr 
l.22     \end{split}
                    
(That makes 100 errors; please try again.) 
Here is how much of TeX's memory you used:
 1075 strings out of 480608
 15332 string characters out of 5893788
 250900 words of memory out of 5000000
 17024 multiletter control sequences out of 15000+600000
 533397 words of font info for 28 fonts, out of 8000000 for 9000
 1141 hyphenation exceptions out of 8191
 37i,16n,44p,296b,151s stack positions out of 5000i,500n,10000p,200000b,80000s

c:/Users/DELL/Desktop/robot/vslam/PA2/presentation.tex:22:  ==> Fatal error occurred, no output PDF file produced!
